<?xml version="1.0" encoding="UTF-8"?>
<coverage generated="1760676792817" clover="3.2.0">
  <project timestamp="1760676792817" name="All files">
    <metrics statements="274" coveredstatements="216" conditionals="158" coveredconditionals="114" methods="63" coveredmethods="47" elements="495" coveredelements="377" complexity="0" loc="274" ncloc="274" packages="6" files="9" classes="9"/>
    <package name="src">
      <metrics statements="10" coveredstatements="0" conditionals="0" coveredconditionals="0" methods="1" coveredmethods="0"/>
      <file name="App.tsx" path="C:\Proyectos\GitHub\test-interview\src\App.tsx">
        <metrics statements="10" coveredstatements="0" conditionals="0" coveredconditionals="0" methods="1" coveredmethods="0"/>
        <line num="2" count="0" type="stmt"/>
        <line num="3" count="0" type="stmt"/>
        <line num="4" count="0" type="stmt"/>
        <line num="5" count="0" type="stmt"/>
        <line num="6" count="0" type="stmt"/>
        <line num="7" count="0" type="stmt"/>
        <line num="8" count="0" type="stmt"/>
        <line num="10" count="0" type="stmt"/>
        <line num="11" count="0" type="stmt"/>
        <line num="29" count="0" type="stmt"/>
      </file>
    </package>
    <package name="src.components">
      <metrics statements="204" coveredstatements="193" conditionals="128" coveredconditionals="104" methods="49" coveredmethods="44"/>
      <file name="InsurancePage.tsx" path="C:\Proyectos\GitHub\test-interview\src\components\InsurancePage.tsx">
        <metrics statements="118" coveredstatements="108" conditionals="78" coveredconditionals="57" methods="32" coveredmethods="27"/>
        <line num="1" count="1" type="stmt"/>
        <line num="2" count="1" type="stmt"/>
        <line num="3" count="1" type="stmt"/>
        <line num="4" count="1" type="stmt"/>
        <line num="5" count="1" type="stmt"/>
        <line num="11" count="1" type="stmt"/>
        <line num="23" count="1" type="stmt"/>
        <line num="24" count="1" type="stmt"/>
        <line num="25" count="1" type="stmt"/>
        <line num="27" count="1" type="stmt"/>
        <line num="40" count="1" type="stmt"/>
        <line num="41" count="198" type="stmt"/>
        <line num="42" count="198" type="stmt"/>
        <line num="43" count="198" type="stmt"/>
        <line num="44" count="198" type="stmt"/>
        <line num="46" count="198" type="cond" truecount="2" falsecount="3"/>
        <line num="47" count="198" type="stmt"/>
        <line num="50" count="198" type="stmt"/>
        <line num="53" count="1" type="stmt"/>
        <line num="54" count="129" type="cond" truecount="1" falsecount="1"/>
        <line num="57" count="1" type="stmt"/>
        <line num="58" count="150" type="stmt"/>
        <line num="65" count="1" type="stmt"/>
        <line num="66" count="215" type="stmt"/>
        <line num="67" count="215" type="stmt"/>
        <line num="70" count="215" type="stmt"/>
        <line num="71" count="215" type="stmt"/>
        <line num="72" count="215" type="stmt"/>
        <line num="73" count="215" type="stmt"/>
        <line num="74" count="215" type="stmt"/>
        <line num="75" count="215" type="stmt"/>
        <line num="76" count="215" type="stmt"/>
        <line num="79" count="215" type="stmt"/>
        <line num="80" count="215" type="stmt"/>
        <line num="81" count="215" type="stmt"/>
        <line num="84" count="215" type="cond" truecount="2" falsecount="0"/>
        <line num="85" count="215" type="cond" truecount="1" falsecount="1"/>
        <line num="91" count="215" type="stmt"/>
        <line num="92" count="34" type="stmt"/>
        <line num="93" count="34" type="stmt"/>
        <line num="95" count="34" type="stmt"/>
        <line num="96" count="34" type="stmt"/>
        <line num="97" count="32" type="stmt"/>
        <line num="98" count="32" type="stmt"/>
        <line num="101" count="2" type="cond" truecount="1" falsecount="1"/>
        <line num="104" count="2" type="stmt"/>
        <line num="105" count="2" type="stmt"/>
        <line num="107" count="34" type="stmt"/>
        <line num="115" count="215" type="stmt"/>
        <line num="116" count="2" type="cond" truecount="2" falsecount="0"/>
        <line num="117" count="1" type="stmt"/>
        <line num="119" count="1" type="stmt"/>
        <line num="120" count="1" type="stmt"/>
        <line num="124" count="215" type="stmt"/>
        <line num="125" count="52" type="stmt"/>
        <line num="128" count="215" type="stmt"/>
        <line num="129" count="9" type="stmt"/>
        <line num="130" count="9" type="stmt"/>
        <line num="133" count="215" type="stmt"/>
        <line num="134" count="21" type="stmt"/>
        <line num="135" count="21" type="cond" truecount="1" falsecount="1"/>
        <line num="137" count="21" type="stmt"/>
        <line num="138" count="21" type="stmt"/>
        <line num="139" count="21" type="stmt"/>
        <line num="142" count="215" type="stmt"/>
        <line num="143" count="0" type="stmt"/>
        <line num="144" count="0" type="cond" truecount="0" falsecount="2"/>
        <line num="146" count="0" type="stmt"/>
        <line num="147" count="0" type="cond" truecount="0" falsecount="2"/>
        <line num="152" count="0" type="cond" truecount="0" falsecount="2"/>
        <line num="154" count="0" type="stmt"/>
        <line num="165" count="215" type="stmt"/>
        <line num="166" count="34" type="stmt"/>
        <line num="170" count="215" type="stmt"/>
        <line num="171" count="91" type="cond" truecount="4" falsecount="0"/>
        <line num="172" count="70" type="stmt"/>
        <line num="173" count="70" type="stmt"/>
        <line num="177" count="21" type="cond" truecount="2" falsecount="0"/>
        <line num="181" count="21" type="stmt"/>
        <line num="185" count="215" type="stmt"/>
        <line num="186" count="125" type="stmt"/>
        <line num="187" count="125" type="cond" truecount="2" falsecount="0"/>
        <line num="189" count="21" type="stmt"/>
        <line num="190" count="21" type="stmt"/>
        <line num="192" count="21" type="stmt"/>
        <line num="193" count="21" type="stmt"/>
        <line num="201" count="215" type="stmt"/>
        <line num="202" count="215" type="stmt"/>
        <line num="227" count="215" type="stmt"/>
        <line num="228" count="215" type="stmt"/>
        <line num="238" count="215" type="stmt"/>
        <line num="239" count="206" type="stmt"/>
        <line num="247" count="215" type="stmt"/>
        <line num="248" count="206" type="stmt"/>
        <line num="253" count="24" type="stmt"/>
        <line num="256" count="0" type="cond" truecount="0" falsecount="2"/>
        <line num="264" count="24" type="stmt"/>
        <line num="281" count="2" type="stmt"/>
        <line num="284" count="0" type="cond" truecount="0" falsecount="2"/>
        <line num="292" count="2" type="stmt"/>
        <line num="310" count="215" type="stmt"/>
        <line num="311" count="129" type="stmt"/>
        <line num="312" count="129" type="stmt"/>
        <line num="314" count="129" type="cond" truecount="2" falsecount="0"/>
        <line num="318" count="129" type="stmt"/>
        <line num="353" count="287" type="stmt"/>
        <line num="360" count="9" type="stmt"/>
        <line num="368" count="215" type="stmt"/>
        <line num="369" count="76" type="stmt"/>
        <line num="396" count="0" type="stmt"/>
        <line num="404" count="129" type="stmt"/>
        <line num="409" count="0" type="stmt"/>
        <line num="421" count="215" type="stmt"/>
        <line num="422" count="9" type="cond" truecount="1" falsecount="1"/>
        <line num="424" count="9" type="stmt"/>
        <line num="426" count="9" type="stmt"/>
        <line num="473" count="215" type="stmt"/>
        <line num="491" count="1" type="stmt"/>
      </file>
      <file name="RegistrationForm.tsx" path="C:\Proyectos\GitHub\test-interview\src\components\RegistrationForm.tsx">
        <metrics statements="86" coveredstatements="85" conditionals="50" coveredconditionals="47" methods="17" coveredmethods="17"/>
        <line num="1" count="1" type="stmt"/>
        <line num="8" count="1" type="stmt"/>
        <line num="9" count="1" type="stmt"/>
        <line num="10" count="1" type="stmt"/>
        <line num="11" count="1" type="stmt"/>
        <line num="12" count="1" type="stmt"/>
        <line num="31" count="1" type="stmt"/>
        <line num="36" count="1" type="stmt"/>
        <line num="37" count="1" type="stmt"/>
        <line num="39" count="1" type="stmt"/>
        <line num="45" count="1" type="stmt"/>
        <line num="55" count="1" type="stmt"/>
        <line num="66" count="1" type="stmt"/>
        <line num="67" count="224" type="stmt"/>
        <line num="70" count="1" type="stmt"/>
        <line num="71" count="11" type="stmt"/>
        <line num="72" count="11" type="cond" truecount="2" falsecount="0"/>
        <line num="73" count="3" type="cond" truecount="2" falsecount="0"/>
        <line num="77" count="8" type="stmt"/>
        <line num="80" count="1" type="stmt"/>
        <line num="81" count="11" type="cond" truecount="2" falsecount="0"/>
        <line num="86" count="1" type="stmt"/>
        <line num="90" count="227" type="cond" truecount="2" falsecount="0"/>
        <line num="92" count="116" type="cond" truecount="2" falsecount="0"/>
        <line num="96" count="116" type="cond" truecount="2" falsecount="0"/>
        <line num="101" count="111" type="cond" truecount="1" falsecount="1"/>
        <line num="102" count="111" type="cond" truecount="2" falsecount="0"/>
        <line num="107" count="0" type="stmt"/>
        <line num="114" count="1" type="stmt"/>
        <line num="115" count="524" type="stmt"/>
        <line num="117" count="524" type="stmt"/>
        <line num="118" count="25" type="stmt"/>
        <line num="119" count="25" type="stmt"/>
        <line num="120" count="25" type="stmt"/>
        <line num="121" count="24" type="stmt"/>
        <line num="123" count="1" type="stmt"/>
        <line num="127" count="25" type="stmt"/>
        <line num="135" count="1" type="stmt"/>
        <line num="136" count="524" type="stmt"/>
        <line num="137" count="524" type="stmt"/>
        <line num="139" count="524" type="stmt"/>
        <line num="140" count="524" type="stmt"/>
        <line num="141" count="524" type="stmt"/>
        <line num="143" count="524" type="stmt"/>
        <line num="149" count="524" type="stmt"/>
        <line num="151" count="248" type="stmt"/>
        <line num="153" count="248" type="cond" truecount="4" falsecount="0"/>
        <line num="154" count="224" type="cond" truecount="2" falsecount="0"/>
        <line num="157" count="242" type="cond" truecount="2" falsecount="0"/>
        <line num="158" count="20" type="stmt"/>
        <line num="162" count="20" type="stmt"/>
        <line num="165" count="222" type="cond" truecount="2" falsecount="0"/>
        <line num="166" count="4" type="stmt"/>
        <line num="167" count="4" type="stmt"/>
        <line num="172" count="4" type="stmt"/>
        <line num="173" count="4" type="stmt"/>
        <line num="176" count="218" type="stmt"/>
        <line num="184" count="524" type="stmt"/>
        <line num="186" count="227" type="cond" truecount="1" falsecount="1"/>
        <line num="188" count="227" type="stmt"/>
        <line num="190" count="227" type="cond" truecount="3" falsecount="1"/>
        <line num="191" count="227" type="stmt"/>
        <line num="195" count="227" type="stmt"/>
        <line num="198" count="227" type="stmt"/>
        <line num="203" count="524" type="stmt"/>
        <line num="204" count="11" type="stmt"/>
        <line num="206" count="11" type="stmt"/>
        <line num="210" count="11" type="cond" truecount="2" falsecount="0"/>
        <line num="212" count="11" type="stmt"/>
        <line num="213" count="11" type="cond" truecount="2" falsecount="0"/>
        <line num="215" count="11" type="cond" truecount="2" falsecount="0"/>
        <line num="216" count="2" type="stmt"/>
        <line num="219" count="11" type="cond" truecount="2" falsecount="0"/>
        <line num="220" count="2" type="stmt"/>
        <line num="223" count="11" type="stmt"/>
        <line num="224" count="11" type="stmt"/>
        <line num="227" count="524" type="stmt"/>
        <line num="229" count="11" type="stmt"/>
        <line num="231" count="11" type="cond" truecount="2" falsecount="0"/>
        <line num="232" count="5" type="stmt"/>
        <line num="233" count="5" type="stmt"/>
        <line num="234" count="5" type="stmt"/>
        <line num="245" count="524" type="stmt"/>
        <line num="299" count="116" type="stmt"/>
        <line num="318" count="111" type="stmt"/>
        <line num="395" count="1" type="stmt"/>
      </file>
    </package>
    <package name="src.components.layout">
      <metrics statements="9" coveredstatements="0" conditionals="0" coveredconditionals="0" methods="2" coveredmethods="0"/>
      <file name="Footer.tsx" path="C:\Proyectos\GitHub\test-interview\src\components\layout\Footer.tsx">
        <metrics statements="4" coveredstatements="0" conditionals="0" coveredconditionals="0" methods="1" coveredmethods="0"/>
        <line num="2" count="0" type="stmt"/>
        <line num="4" count="0" type="stmt"/>
        <line num="5" count="0" type="stmt"/>
        <line num="20" count="0" type="stmt"/>
      </file>
      <file name="Header.tsx" path="C:\Proyectos\GitHub\test-interview\src\components\layout\Header.tsx">
        <metrics statements="5" coveredstatements="0" conditionals="0" coveredconditionals="0" methods="1" coveredmethods="0"/>
        <line num="2" count="0" type="stmt"/>
        <line num="3" count="0" type="stmt"/>
        <line num="5" count="0" type="stmt"/>
        <line num="6" count="0" type="stmt"/>
        <line num="24" count="0" type="stmt"/>
      </file>
    </package>
    <package name="src.components.ui.Button">
      <metrics statements="4" coveredstatements="4" conditionals="9" coveredconditionals="9" methods="1" coveredmethods="1"/>
      <file name="Button.tsx" path="C:\Proyectos\GitHub\test-interview\src\components\ui\Button\Button.tsx">
        <metrics statements="4" coveredstatements="4" conditionals="9" coveredconditionals="9" methods="1" coveredmethods="1"/>
        <line num="2" count="2" type="stmt"/>
        <line num="19" count="2" type="stmt"/>
        <line num="28" count="576" type="stmt"/>
        <line num="48" count="2" type="stmt"/>
      </file>
    </package>
    <package name="src.context">
      <metrics statements="11" coveredstatements="10" conditionals="2" coveredconditionals="1" methods="2" coveredmethods="2"/>
      <file name="UserContext.tsx" path="C:\Proyectos\GitHub\test-interview\src\context\UserContext.tsx">
        <metrics statements="11" coveredstatements="10" conditionals="2" coveredconditionals="1" methods="2" coveredmethods="2"/>
        <line num="1" count="2" type="stmt"/>
        <line num="27" count="2" type="stmt"/>
        <line num="30" count="2" type="stmt"/>
        <line num="31" count="320" type="stmt"/>
        <line num="37" count="320" type="stmt"/>
        <line num="45" count="320" type="stmt"/>
        <line num="55" count="2" type="stmt"/>
        <line num="56" count="1048" type="stmt"/>
        <line num="57" count="1048" type="cond" truecount="1" falsecount="1"/>
        <line num="58" count="0" type="stmt"/>
        <line num="60" count="1048" type="stmt"/>
      </file>
    </package>
    <package name="src.services">
      <metrics statements="36" coveredstatements="9" conditionals="19" coveredconditionals="0" methods="8" coveredmethods="0"/>
      <file name="plansApi.ts" path="C:\Proyectos\GitHub\test-interview\src\services\plansApi.ts">
        <metrics statements="23" coveredstatements="6" conditionals="12" coveredconditionals="0" methods="7" coveredmethods="0"/>
        <line num="28" count="1" type="stmt"/>
        <line num="39" count="1" type="stmt"/>
        <line num="40" count="0" type="stmt"/>
        <line num="41" count="0" type="stmt"/>
        <line num="43" count="0" type="cond" truecount="0" falsecount="2"/>
        <line num="44" count="0" type="stmt"/>
        <line num="49" count="0" type="stmt"/>
        <line num="51" count="0" type="stmt"/>
        <line num="54" count="0" type="cond" truecount="0" falsecount="2"/>
        <line num="55" count="0" type="cond" truecount="0" falsecount="2"/>
        <line num="56" count="0" type="cond" truecount="0" falsecount="4"/>
        <line num="57" count="0" type="stmt"/>
        <line num="59" count="0" type="stmt"/>
        <line num="62" count="0" type="stmt"/>
        <line num="64" count="0" type="stmt"/>
        <line num="65" count="0" type="stmt"/>
        <line num="75" count="1" type="stmt"/>
        <line num="76" count="0" type="stmt"/>
        <line num="85" count="1" type="stmt"/>
        <line num="89" count="0" type="stmt"/>
        <line num="101" count="1" type="stmt"/>
        <line num="105" count="0" type="stmt"/>
        <line num="111" count="1" type="stmt"/>
      </file>
      <file name="userApi.ts" path="C:\Proyectos\GitHub\test-interview\src\services\userApi.ts">
        <metrics statements="13" coveredstatements="3" conditionals="7" coveredconditionals="0" methods="1" coveredmethods="0"/>
        <line num="28" count="1" type="stmt"/>
        <line num="39" count="1" type="stmt"/>
        <line num="40" count="0" type="stmt"/>
        <line num="41" count="0" type="stmt"/>
        <line num="43" count="0" type="cond" truecount="0" falsecount="2"/>
        <line num="44" count="0" type="stmt"/>
        <line num="49" count="0" type="stmt"/>
        <line num="52" count="0" type="cond" truecount="0" falsecount="5"/>
        <line num="53" count="0" type="stmt"/>
        <line num="56" count="0" type="stmt"/>
        <line num="62" count="0" type="stmt"/>
        <line num="63" count="0" type="stmt"/>
        <line num="71" count="1" type="stmt"/>
      </file>
    </package>
  </project>
</coverage>
