{"C:\\Proyectos\\GitHub\\test-interview\\src\\App.tsx": {"path":"C:\\Proyectos\\GitHub\\test-interview\\src\\App.tsx","statementMap":{"0":{"start":{"line":2,"column":0},"end":{"line":2,"column":28}},"1":{"start":{"line":3,"column":0},"end":{"line":3,"column":48}},"2":{"start":{"line":4,"column":0},"end":{"line":4,"column":48}},"3":{"start":{"line":5,"column":0},"end":{"line":5,"column":74}},"4":{"start":{"line":6,"column":0},"end":{"line":6,"column":61}},"5":{"start":{"line":7,"column":0},"end":{"line":7,"column":55}},"6":{"start":{"line":8,"column":0},"end":{"line":8,"column":53}},"7":{"start":{"line":10,"column":12},"end":{"line":27,"column":1}},"8":{"start":{"line":11,"column":2},"end":{"line":26,"column":4}},"9":{"start":{"line":29,"column":0},"end":{"line":29,"column":19}}},"fnMap":{"0":{"name":"(anonymous_1)","decl":{"start":{"line":10,"column":12},"end":{"line":10,"column":15}},"loc":{"start":{"line":10,"column":17},"end":{"line":27,"column":1}}}},"branchMap":{},"s":{"0":0,"1":0,"2":0,"3":0,"4":0,"5":0,"6":0,"7":0,"8":0,"9":0},"f":{"0":0},"b":{}}
,"C:\\Proyectos\\GitHub\\test-interview\\src\\components\\InsurancePage.tsx": {"path":"C:\\Proyectos\\GitHub\\test-interview\\src\\components\\InsurancePage.tsx","statementMap":{"0":{"start":{"line":1,"column":0},"end":{"line":1,"column":72}},"1":{"start":{"line":2,"column":0},"end":{"line":2,"column":47}},"2":{"start":{"line":3,"column":0},"end":{"line":3,"column":56}},"3":{"start":{"line":4,"column":0},"end":{"line":4,"column":45}},"4":{"start":{"line":5,"column":0},"end":{"line":5,"column":null}},"5":{"start":{"line":11,"column":0},"end":{"line":11,"column":38}},"6":{"start":{"line":23,"column":22},"end":{"line":23,"column":26}},"7":{"start":{"line":24,"column":19},"end":{"line":24,"column":21}},"8":{"start":{"line":25,"column":29},"end":{"line":25,"column":31}},"9":{"start":{"line":27,"column":44},"end":{"line":34,"column":2}},"10":{"start":{"line":40,"column":21},"end":{"line":51,"column":1}},"11":{"start":{"line":41,"column":16},"end":{"line":41,"column":26}},"12":{"start":{"line":42,"column":16},"end":{"line":42,"column":35}},"13":{"start":{"line":43,"column":12},"end":{"line":43,"column":53}},"14":{"start":{"line":44,"column":20},"end":{"line":44,"column":55}},"15":{"start":{"line":46,"column":2},"end":{"line":48,"column":3}},"16":{"start":{"line":47,"column":4},"end":{"line":47,"column":10}},"17":{"start":{"line":50,"column":2},"end":{"line":50,"column":13}},"18":{"start":{"line":53,"column":21},"end":{"line":55,"column":1}},"19":{"start":{"line":54,"column":2},"end":{"line":54,"column":54}},"20":{"start":{"line":57,"column":20},"end":{"line":59,"column":1}},"21":{"start":{"line":58,"column":2},"end":{"line":58,"column":26}},"22":{"start":{"line":65,"column":32},"end":{"line":489,"column":1}},"23":{"start":{"line":66,"column":33},"end":{"line":66,"column":49}},"24":{"start":{"line":67,"column":19},"end":{"line":67,"column":32}},"25":{"start":{"line":70,"column":40},"end":{"line":70,"column":58}},"26":{"start":{"line":71,"column":46},"end":{"line":71,"column":79}},"27":{"start":{"line":72,"column":28},"end":{"line":72,"column":48}},"28":{"start":{"line":73,"column":44},"end":{"line":73,"column":64}},"29":{"start":{"line":74,"column":42},"end":{"line":74,"column":69}},"30":{"start":{"line":75,"column":42},"end":{"line":75,"column":57}},"31":{"start":{"line":76,"column":38},"end":{"line":76,"column":67}},"32":{"start":{"line":79,"column":20},"end":{"line":79,"column":55}},"33":{"start":{"line":80,"column":32},"end":{"line":80,"column":47}},"34":{"start":{"line":81,"column":32},"end":{"line":81,"column":46}},"35":{"start":{"line":84,"column":18},"end":{"line":84,"column":74}},"36":{"start":{"line":85,"column":19},"end":{"line":85,"column":46}},"37":{"start":{"line":91,"column":20},"end":{"line":109,"column":15}},"38":{"start":{"line":92,"column":4},"end":{"line":92,"column":26}},"39":{"start":{"line":93,"column":4},"end":{"line":93,"column":24}},"40":{"start":{"line":95,"column":4},"end":{"line":108,"column":5}},"41":{"start":{"line":96,"column":23},"end":{"line":96,"column":41}},"42":{"start":{"line":97,"column":28},"end":{"line":97,"column":63}},"43":{"start":{"line":98,"column":6},"end":{"line":98,"column":30}},"44":{"start":{"line":101,"column":8},"end":{"line":103,"column":48}},"45":{"start":{"line":104,"column":6},"end":{"line":104,"column":34}},"46":{"start":{"line":105,"column":6},"end":{"line":105,"column":51}},"47":{"start":{"line":107,"column":6},"end":{"line":107,"column":29}},"48":{"start":{"line":115,"column":21},"end":{"line":122,"column":29}},"49":{"start":{"line":116,"column":4},"end":{"line":121,"column":5}},"50":{"start":{"line":117,"column":6},"end":{"line":117,"column":20}},"51":{"start":{"line":119,"column":6},"end":{"line":119,"column":24}},"52":{"start":{"line":120,"column":6},"end":{"line":120,"column":28}},"53":{"start":{"line":124,"column":29},"end":{"line":126,"column":8}},"54":{"start":{"line":125,"column":4},"end":{"line":125,"column":30}},"55":{"start":{"line":128,"column":27},"end":{"line":131,"column":8}},"56":{"start":{"line":129,"column":4},"end":{"line":129,"column":26}},"57":{"start":{"line":130,"column":4},"end":{"line":130,"column":22}},"58":{"start":{"line":133,"column":23},"end":{"line":140,"column":8}},"59":{"start":{"line":134,"column":19},"end":{"line":134,"column":36}},"60":{"start":{"line":135,"column":4},"end":{"line":135,"column":24}},"61":{"start":{"line":135,"column":17},"end":{"line":135,"column":24}},"62":{"start":{"line":137,"column":22},"end":{"line":137,"column":65}},"63":{"start":{"line":138,"column":4},"end":{"line":138,"column":38}},"64":{"start":{"line":139,"column":4},"end":{"line":139,"column":46}},"65":{"start":{"line":142,"column":26},"end":{"line":158,"column":8}},"66":{"start":{"line":143,"column":19},"end":{"line":143,"column":36}},"67":{"start":{"line":144,"column":4},"end":{"line":144,"column":24}},"68":{"start":{"line":144,"column":17},"end":{"line":144,"column":24}},"69":{"start":{"line":146,"column":22},"end":{"line":146,"column":69}},"70":{"start":{"line":147,"column":27},"end":{"line":149,"column":44}},"71":{"start":{"line":152,"column":6},"end":{"line":152,"column":61}},"72":{"start":{"line":154,"column":4},"end":{"line":157,"column":7}},"73":{"start":{"line":165,"column":2},"end":{"line":167,"column":18}},"74":{"start":{"line":166,"column":4},"end":{"line":166,"column":16}},"75":{"start":{"line":170,"column":2},"end":{"line":182,"column":30}},"76":{"start":{"line":171,"column":4},"end":{"line":174,"column":5}},"77":{"start":{"line":172,"column":6},"end":{"line":172,"column":27}},"78":{"start":{"line":173,"column":6},"end":{"line":173,"column":13}},"79":{"start":{"line":177,"column":6},"end":{"line":179,"column":15}},"80":{"start":{"line":181,"column":4},"end":{"line":181,"column":35}},"81":{"start":{"line":185,"column":2},"end":{"line":195,"column":36}},"82":{"start":{"line":186,"column":19},"end":{"line":186,"column":36}},"83":{"start":{"line":187,"column":4},"end":{"line":187,"column":24}},"84":{"start":{"line":187,"column":17},"end":{"line":187,"column":24}},"85":{"start":{"line":189,"column":4},"end":{"line":189,"column":71}},"86":{"start":{"line":190,"column":4},"end":{"line":190,"column":19}},"87":{"start":{"line":192,"column":4},"end":{"line":194,"column":6}},"88":{"start":{"line":193,"column":6},"end":{"line":193,"column":57}},"89":{"start":{"line":201,"column":28},"end":{"line":224,"column":null}},"90":{"start":{"line":202,"column":4},"end":{"line":223,"column":null}},"91":{"start":{"line":227,"column":27},"end":{"line":235,"column":null}},"92":{"start":{"line":228,"column":4},"end":{"line":234,"column":null}},"93":{"start":{"line":238,"column":30},"end":{"line":244,"column":null}},"94":{"start":{"line":239,"column":4},"end":{"line":243,"column":null}},"95":{"start":{"line":247,"column":28},"end":{"line":307,"column":null}},"96":{"start":{"line":248,"column":4},"end":{"line":306,"column":null}},"97":{"start":{"line":253,"column":23},"end":{"line":253,"column":53}},"98":{"start":{"line":256,"column":27},"end":{"line":256,"column":78}},"99":{"start":{"line":264,"column":26},"end":{"line":264,"column":56}},"100":{"start":{"line":281,"column":23},"end":{"line":281,"column":52}},"101":{"start":{"line":284,"column":27},"end":{"line":284,"column":77}},"102":{"start":{"line":292,"column":26},"end":{"line":292,"column":55}},"103":{"start":{"line":310,"column":25},"end":{"line":366,"column":3}},"104":{"start":{"line":311,"column":26},"end":{"line":311,"column":64}},"105":{"start":{"line":312,"column":25},"end":{"line":312,"column":48}},"106":{"start":{"line":314,"column":6},"end":{"line":316,"column":14}},"107":{"start":{"line":318,"column":4},"end":{"line":365,"column":6}},"108":{"start":{"line":353,"column":14},"end":{"line":353,"column":48}},"109":{"start":{"line":360,"column":25},"end":{"line":360,"column":47}},"110":{"start":{"line":368,"column":26},"end":{"line":418,"column":null}},"111":{"start":{"line":369,"column":4},"end":{"line":417,"column":null}},"112":{"start":{"line":396,"column":29},"end":{"line":396,"column":52}},"113":{"start":{"line":404,"column":48},"end":{"line":404,"column":73}},"114":{"start":{"line":409,"column":29},"end":{"line":409,"column":52}},"115":{"start":{"line":421,"column":24},"end":{"line":467,"column":3}},"116":{"start":{"line":422,"column":4},"end":{"line":422,"column":35}},"117":{"start":{"line":422,"column":23},"end":{"line":422,"column":35}},"118":{"start":{"line":424,"column":23},"end":{"line":424,"column":54}},"119":{"start":{"line":426,"column":4},"end":{"line":466,"column":6}},"120":{"start":{"line":473,"column":2},"end":{"line":488,"column":4}},"121":{"start":{"line":491,"column":0},"end":{"line":491,"column":29}}},"fnMap":{"0":{"name":"(anonymous_0)","decl":{"start":{"line":40,"column":21},"end":{"line":40,"column":22}},"loc":{"start":{"line":40,"column":51},"end":{"line":51,"column":1}}},"1":{"name":"(anonymous_1)","decl":{"start":{"line":53,"column":21},"end":{"line":53,"column":22}},"loc":{"start":{"line":53,"column":50},"end":{"line":55,"column":1}}},"2":{"name":"(anonymous_2)","decl":{"start":{"line":57,"column":20},"end":{"line":57,"column":21}},"loc":{"start":{"line":57,"column":46},"end":{"line":59,"column":1}}},"3":{"name":"(anonymous_3)","decl":{"start":{"line":65,"column":32},"end":{"line":65,"column":35}},"loc":{"start":{"line":65,"column":37},"end":{"line":489,"column":1}}},"4":{"name":"(anonymous_4)","decl":{"start":{"line":91,"column":32},"end":{"line":91,"column":37}},"loc":{"start":{"line":91,"column":43},"end":{"line":109,"column":3}}},"5":{"name":"(anonymous_5)","decl":{"start":{"line":115,"column":33},"end":{"line":115,"column":36}},"loc":{"start":{"line":115,"column":38},"end":{"line":122,"column":3}}},"6":{"name":"(anonymous_6)","decl":{"start":{"line":124,"column":41},"end":{"line":124,"column":42}},"loc":{"start":{"line":124,"column":64},"end":{"line":126,"column":3}}},"7":{"name":"(anonymous_7)","decl":{"start":{"line":128,"column":39},"end":{"line":128,"column":40}},"loc":{"start":{"line":128,"column":54},"end":{"line":131,"column":3}}},"8":{"name":"(anonymous_8)","decl":{"start":{"line":133,"column":35},"end":{"line":133,"column":38}},"loc":{"start":{"line":133,"column":40},"end":{"line":140,"column":3}}},"9":{"name":"(anonymous_9)","decl":{"start":{"line":142,"column":38},"end":{"line":142,"column":39}},"loc":{"start":{"line":142,"column":69},"end":{"line":158,"column":3}}},"10":{"name":"(anonymous_10)","decl":{"start":{"line":165,"column":12},"end":{"line":165,"column":15}},"loc":{"start":{"line":165,"column":17},"end":{"line":167,"column":3}}},"11":{"name":"(anonymous_11)","decl":{"start":{"line":170,"column":12},"end":{"line":170,"column":15}},"loc":{"start":{"line":170,"column":17},"end":{"line":182,"column":3}}},"12":{"name":"(anonymous_12)","decl":{"start":{"line":185,"column":12},"end":{"line":185,"column":15}},"loc":{"start":{"line":185,"column":17},"end":{"line":195,"column":3}}},"13":{"name":"(anonymous_13)","decl":{"start":{"line":192,"column":11},"end":{"line":192,"column":14}},"loc":{"start":{"line":192,"column":16},"end":{"line":194,"column":5}}},"14":{"name":"(anonymous_14)","decl":{"start":{"line":201,"column":28},"end":{"line":201,"column":31}},"loc":{"start":{"line":202,"column":4},"end":{"line":223,"column":null}}},"15":{"name":"(anonymous_15)","decl":{"start":{"line":227,"column":27},"end":{"line":227,"column":30}},"loc":{"start":{"line":228,"column":4},"end":{"line":234,"column":null}}},"16":{"name":"(anonymous_16)","decl":{"start":{"line":238,"column":30},"end":{"line":238,"column":33}},"loc":{"start":{"line":239,"column":4},"end":{"line":243,"column":null}}},"17":{"name":"(anonymous_17)","decl":{"start":{"line":247,"column":28},"end":{"line":247,"column":31}},"loc":{"start":{"line":248,"column":4},"end":{"line":306,"column":null}}},"18":{"name":"(anonymous_18)","decl":{"start":{"line":253,"column":17},"end":{"line":253,"column":20}},"loc":{"start":{"line":253,"column":23},"end":{"line":253,"column":53}}},"19":{"name":"(anonymous_19)","decl":{"start":{"line":256,"column":20},"end":{"line":256,"column":21}},"loc":{"start":{"line":256,"column":27},"end":{"line":256,"column":78}}},"20":{"name":"(anonymous_20)","decl":{"start":{"line":264,"column":20},"end":{"line":264,"column":23}},"loc":{"start":{"line":264,"column":26},"end":{"line":264,"column":56}}},"21":{"name":"(anonymous_21)","decl":{"start":{"line":281,"column":17},"end":{"line":281,"column":20}},"loc":{"start":{"line":281,"column":23},"end":{"line":281,"column":52}}},"22":{"name":"(anonymous_22)","decl":{"start":{"line":284,"column":20},"end":{"line":284,"column":21}},"loc":{"start":{"line":284,"column":27},"end":{"line":284,"column":77}}},"23":{"name":"(anonymous_23)","decl":{"start":{"line":292,"column":20},"end":{"line":292,"column":23}},"loc":{"start":{"line":292,"column":26},"end":{"line":292,"column":55}}},"24":{"name":"(anonymous_24)","decl":{"start":{"line":310,"column":25},"end":{"line":310,"column":26}},"loc":{"start":{"line":310,"column":55},"end":{"line":366,"column":3}}},"25":{"name":"(anonymous_25)","decl":{"start":{"line":352,"column":34},"end":{"line":352,"column":35}},"loc":{"start":{"line":353,"column":14},"end":{"line":353,"column":48}}},"26":{"name":"(anonymous_26)","decl":{"start":{"line":360,"column":19},"end":{"line":360,"column":22}},"loc":{"start":{"line":360,"column":25},"end":{"line":360,"column":47}}},"27":{"name":"(anonymous_27)","decl":{"start":{"line":368,"column":26},"end":{"line":368,"column":29}},"loc":{"start":{"line":369,"column":4},"end":{"line":417,"column":null}}},"28":{"name":"(anonymous_28)","decl":{"start":{"line":396,"column":23},"end":{"line":396,"column":26}},"loc":{"start":{"line":396,"column":29},"end":{"line":396,"column":52}}},"29":{"name":"(anonymous_29)","decl":{"start":{"line":404,"column":33},"end":{"line":404,"column":34}},"loc":{"start":{"line":404,"column":48},"end":{"line":404,"column":73}}},"30":{"name":"(anonymous_30)","decl":{"start":{"line":409,"column":23},"end":{"line":409,"column":26}},"loc":{"start":{"line":409,"column":29},"end":{"line":409,"column":52}}},"31":{"name":"(anonymous_31)","decl":{"start":{"line":421,"column":24},"end":{"line":421,"column":27}},"loc":{"start":{"line":421,"column":29},"end":{"line":467,"column":3}}}},"branchMap":{"0":{"loc":{"start":{"line":46,"column":2},"end":{"line":48,"column":3}},"type":"if","locations":[{"start":{"line":46,"column":2},"end":{"line":48,"column":3}},{"start":{},"end":{}}]},"1":{"loc":{"start":{"line":46,"column":6},"end":{"line":46,"column":77}},"type":"binary-expr","locations":[{"start":{"line":46,"column":6},"end":{"line":46,"column":19}},{"start":{"line":46,"column":24},"end":{"line":46,"column":39}},{"start":{"line":46,"column":43},"end":{"line":46,"column":76}}]},"2":{"loc":{"start":{"line":54,"column":9},"end":{"line":54,"column":53}},"type":"binary-expr","locations":[{"start":{"line":54,"column":9},"end":{"line":54,"column":30}},{"start":{"line":54,"column":34},"end":{"line":54,"column":53}}]},"3":{"loc":{"start":{"line":84,"column":18},"end":{"line":84,"column":74}},"type":"cond-expr","locations":[{"start":{"line":84,"column":39},"end":{"line":84,"column":70}},{"start":{"line":84,"column":73},"end":{"line":84,"column":74}}]},"4":{"loc":{"start":{"line":85,"column":19},"end":{"line":85,"column":46}},"type":"binary-expr","locations":[{"start":{"line":85,"column":19},"end":{"line":85,"column":33}},{"start":{"line":85,"column":37},"end":{"line":85,"column":46}}]},"5":{"loc":{"start":{"line":101,"column":8},"end":{"line":103,"column":48}},"type":"cond-expr","locations":[{"start":{"line":102,"column":12},"end":{"line":102,"column":25}},{"start":{"line":103,"column":12},"end":{"line":103,"column":48}}]},"6":{"loc":{"start":{"line":116,"column":4},"end":{"line":121,"column":5}},"type":"if","locations":[{"start":{"line":116,"column":4},"end":{"line":121,"column":5}},{"start":{"line":118,"column":11},"end":{"line":121,"column":5}}]},"7":{"loc":{"start":{"line":135,"column":4},"end":{"line":135,"column":24}},"type":"if","locations":[{"start":{"line":135,"column":4},"end":{"line":135,"column":24}},{"start":{},"end":{}}]},"8":{"loc":{"start":{"line":144,"column":4},"end":{"line":144,"column":24}},"type":"if","locations":[{"start":{"line":144,"column":4},"end":{"line":144,"column":24}},{"start":{},"end":{}}]},"9":{"loc":{"start":{"line":147,"column":27},"end":{"line":149,"column":44}},"type":"cond-expr","locations":[{"start":{"line":148,"column":8},"end":{"line":148,"column":42}},{"start":{"line":149,"column":8},"end":{"line":149,"column":44}}]},"10":{"loc":{"start":{"line":152,"column":6},"end":{"line":152,"column":61}},"type":"cond-expr","locations":[{"start":{"line":152,"column":29},"end":{"line":152,"column":43}},{"start":{"line":152,"column":46},"end":{"line":152,"column":61}}]},"11":{"loc":{"start":{"line":171,"column":4},"end":{"line":174,"column":5}},"type":"if","locations":[{"start":{"line":171,"column":4},"end":{"line":174,"column":5}},{"start":{},"end":{}}]},"12":{"loc":{"start":{"line":171,"column":8},"end":{"line":171,"column":45}},"type":"binary-expr","locations":[{"start":{"line":171,"column":8},"end":{"line":171,"column":23}},{"start":{"line":171,"column":27},"end":{"line":171,"column":45}}]},"13":{"loc":{"start":{"line":177,"column":6},"end":{"line":179,"column":15}},"type":"cond-expr","locations":[{"start":{"line":178,"column":10},"end":{"line":178,"column":52}},{"start":{"line":179,"column":10},"end":{"line":179,"column":15}}]},"14":{"loc":{"start":{"line":187,"column":4},"end":{"line":187,"column":24}},"type":"if","locations":[{"start":{"line":187,"column":4},"end":{"line":187,"column":24}},{"start":{},"end":{}}]},"15":{"loc":{"start":{"line":214,"column":32},"end":{"line":214,"column":64}},"type":"cond-expr","locations":[{"start":{"line":214,"column":51},"end":{"line":214,"column":59}},{"start":{"line":214,"column":62},"end":{"line":214,"column":64}}]},"16":{"loc":{"start":{"line":215,"column":36},"end":{"line":215,"column":68}},"type":"cond-expr","locations":[{"start":{"line":215,"column":55},"end":{"line":215,"column":63}},{"start":{"line":215,"column":66},"end":{"line":215,"column":68}}]},"17":{"loc":{"start":{"line":218,"column":32},"end":{"line":218,"column":64}},"type":"cond-expr","locations":[{"start":{"line":218,"column":51},"end":{"line":218,"column":59}},{"start":{"line":218,"column":62},"end":{"line":218,"column":64}}]},"18":{"loc":{"start":{"line":219,"column":32},"end":{"line":219,"column":64}},"type":"cond-expr","locations":[{"start":{"line":219,"column":51},"end":{"line":219,"column":59}},{"start":{"line":219,"column":62},"end":{"line":219,"column":64}}]},"19":{"loc":{"start":{"line":220,"column":36},"end":{"line":220,"column":68}},"type":"cond-expr","locations":[{"start":{"line":220,"column":55},"end":{"line":220,"column":63}},{"start":{"line":220,"column":66},"end":{"line":220,"column":68}}]},"20":{"loc":{"start":{"line":251,"column":10},"end":{"line":251,"column":null}},"type":"cond-expr","locations":[{"start":{"line":251,"column":42},"end":{"line":251,"column":52}},{"start":{"line":251,"column":55},"end":{"line":251,"column":null}}]},"21":{"loc":{"start":{"line":256,"column":27},"end":{"line":256,"column":78}},"type":"binary-expr","locations":[{"start":{"line":256,"column":27},"end":{"line":256,"column":44}},{"start":{"line":256,"column":48},"end":{"line":256,"column":78}}]},"22":{"loc":{"start":{"line":279,"column":10},"end":{"line":279,"column":null}},"type":"cond-expr","locations":[{"start":{"line":279,"column":41},"end":{"line":279,"column":51}},{"start":{"line":279,"column":54},"end":{"line":279,"column":null}}]},"23":{"loc":{"start":{"line":284,"column":27},"end":{"line":284,"column":77}},"type":"binary-expr","locations":[{"start":{"line":284,"column":27},"end":{"line":284,"column":44}},{"start":{"line":284,"column":48},"end":{"line":284,"column":77}}]},"24":{"loc":{"start":{"line":314,"column":6},"end":{"line":316,"column":14}},"type":"cond-expr","locations":[{"start":{"line":315,"column":10},"end":{"line":315,"column":49}},{"start":{"line":316,"column":10},"end":{"line":316,"column":14}}]},"25":{"loc":{"start":{"line":326,"column":13},"end":{"line":329,"column":null}},"type":"binary-expr","locations":[{"start":{"line":326,"column":13},"end":{"line":326,"column":26}},{"start":{"line":327,"column":14},"end":{"line":327,"column":null}}]},"26":{"loc":{"start":{"line":340,"column":11},"end":{"line":343,"column":null}},"type":"binary-expr","locations":[{"start":{"line":340,"column":11},"end":{"line":340,"column":24}},{"start":{"line":341,"column":12},"end":{"line":342,"column":null}}]},"27":{"loc":{"start":{"line":350,"column":9},"end":{"line":355,"column":null}},"type":"binary-expr","locations":[{"start":{"line":350,"column":9},"end":{"line":350,"column":25}},{"start":{"line":350,"column":29},"end":{"line":350,"column":56}},{"start":{"line":351,"column":10},"end":{"line":354,"column":null}}]},"28":{"loc":{"start":{"line":374,"column":9},"end":{"line":377,"column":null}},"type":"binary-expr","locations":[{"start":{"line":374,"column":9},"end":{"line":374,"column":21}},{"start":{"line":375,"column":10},"end":{"line":375,"column":null}}]},"29":{"loc":{"start":{"line":380,"column":9},"end":{"line":383,"column":null}},"type":"binary-expr","locations":[{"start":{"line":380,"column":9},"end":{"line":380,"column":19}},{"start":{"line":381,"column":10},"end":{"line":382,"column":null}}]},"30":{"loc":{"start":{"line":386,"column":9},"end":{"line":389,"column":null}},"type":"binary-expr","locations":[{"start":{"line":386,"column":9},"end":{"line":386,"column":22}},{"start":{"line":386,"column":26},"end":{"line":386,"column":37}},{"start":{"line":386,"column":41},"end":{"line":386,"column":67}},{"start":{"line":387,"column":10},"end":{"line":387,"column":null}}]},"31":{"loc":{"start":{"line":392,"column":9},"end":{"line":415,"column":null}},"type":"binary-expr","locations":[{"start":{"line":392,"column":9},"end":{"line":392,"column":22}},{"start":{"line":392,"column":26},"end":{"line":392,"column":37}},{"start":{"line":392,"column":41},"end":{"line":392,"column":65}},{"start":{"line":393,"column":10},"end":{"line":414,"column":null}}]},"32":{"loc":{"start":{"line":422,"column":4},"end":{"line":422,"column":35}},"type":"if","locations":[{"start":{"line":422,"column":4},"end":{"line":422,"column":35}},{"start":{},"end":{}}]},"33":{"loc":{"start":{"line":478,"column":7},"end":{"line":483,"column":null}},"type":"binary-expr","locations":[{"start":{"line":478,"column":7},"end":{"line":478,"column":24}},{"start":{"line":479,"column":8},"end":{"line":482,"column":null}}]},"34":{"loc":{"start":{"line":482,"column":11},"end":{"line":482,"column":46}},"type":"binary-expr","locations":[{"start":{"line":482,"column":11},"end":{"line":482,"column":25}},{"start":{"line":482,"column":29},"end":{"line":482,"column":46}}]},"35":{"loc":{"start":{"line":486,"column":7},"end":{"line":486,"column":43}},"type":"binary-expr","locations":[{"start":{"line":486,"column":7},"end":{"line":486,"column":24}},{"start":{"line":486,"column":28},"end":{"line":486,"column":43}}]}},"s":{"0":1,"1":1,"2":1,"3":1,"4":1,"5":1,"6":1,"7":1,"8":1,"9":1,"10":1,"11":198,"12":198,"13":198,"14":198,"15":198,"16":198,"17":198,"18":1,"19":129,"20":1,"21":150,"22":1,"23":215,"24":215,"25":215,"26":215,"27":215,"28":215,"29":215,"30":215,"31":215,"32":215,"33":215,"34":215,"35":215,"36":215,"37":215,"38":34,"39":34,"40":34,"41":34,"42":32,"43":32,"44":2,"45":2,"46":2,"47":34,"48":215,"49":2,"50":1,"51":1,"52":1,"53":215,"54":52,"55":215,"56":9,"57":9,"58":215,"59":21,"60":21,"61":0,"62":21,"63":21,"64":21,"65":215,"66":0,"67":0,"68":0,"69":0,"70":0,"71":0,"72":0,"73":215,"74":34,"75":215,"76":91,"77":70,"78":70,"79":21,"80":21,"81":215,"82":125,"83":125,"84":104,"85":21,"86":21,"87":21,"88":21,"89":215,"90":215,"91":215,"92":215,"93":215,"94":206,"95":215,"96":206,"97":24,"98":0,"99":24,"100":2,"101":0,"102":2,"103":215,"104":129,"105":129,"106":129,"107":129,"108":287,"109":9,"110":215,"111":76,"112":0,"113":129,"114":0,"115":215,"116":9,"117":0,"118":9,"119":9,"120":215,"121":1},"f":{"0":198,"1":129,"2":150,"3":215,"4":34,"5":2,"6":52,"7":9,"8":21,"9":0,"10":34,"11":91,"12":125,"13":21,"14":215,"15":215,"16":206,"17":206,"18":24,"19":0,"20":24,"21":2,"22":0,"23":2,"24":129,"25":287,"26":9,"27":76,"28":0,"29":129,"30":0,"31":9},"b":{"0":[198,0],"1":[198,0,0],"2":[129,0],"3":[198,17],"4":[215,0],"5":[2,0],"6":[1,1],"7":[0,21],"8":[0,0],"9":[0,0],"10":[0,0],"11":[70,21],"12":[91,27],"13":[2,19],"14":[104,21],"15":[215,0],"16":[215,0],"17":[215,0],"18":[9,206],"19":[9,206],"20":[70,136],"21":[0,0],"22":[6,200],"23":[0,0],"24":[12,117],"25":[129,43],"26":[129,12],"27":[129,123,123],"28":[76,4],"29":[76,4],"30":[76,72,68,25],"31":[76,72,68,43],"32":[0,9],"33":[215,206],"34":[206,76],"35":[215,9]}}
,"C:\\Proyectos\\GitHub\\test-interview\\src\\components\\RegistrationForm.tsx": {"path":"C:\\Proyectos\\GitHub\\test-interview\\src\\components\\RegistrationForm.tsx","statementMap":{"0":{"start":{"line":1,"column":0},"end":{"line":1,"column":null}},"1":{"start":{"line":8,"column":0},"end":{"line":8,"column":47}},"2":{"start":{"line":9,"column":0},"end":{"line":9,"column":56}},"3":{"start":{"line":10,"column":0},"end":{"line":10,"column":52}},"4":{"start":{"line":11,"column":0},"end":{"line":11,"column":56}},"5":{"start":{"line":12,"column":0},"end":{"line":12,"column":41}},"6":{"start":{"line":31,"column":55},"end":{"line":34,"column":2}},"7":{"start":{"line":36,"column":25},"end":{"line":36,"column":26}},"8":{"start":{"line":37,"column":22},"end":{"line":37,"column":26}},"9":{"start":{"line":39,"column":25},"end":{"line":43,"column":11}},"10":{"start":{"line":45,"column":23},"end":{"line":53,"column":11}},"11":{"start":{"line":55,"column":35},"end":{"line":60,"column":2}},"12":{"start":{"line":66,"column":23},"end":{"line":68,"column":1}},"13":{"start":{"line":67,"column":2},"end":{"line":67,"column":32}},"14":{"start":{"line":70,"column":31},"end":{"line":78,"column":1}},"15":{"start":{"line":71,"column":25},"end":{"line":71,"column":47}},"16":{"start":{"line":72,"column":2},"end":{"line":76,"column":3}},"17":{"start":{"line":73,"column":4},"end":{"line":75,"column":34}},"18":{"start":{"line":77,"column":2},"end":{"line":77,"column":12}},"19":{"start":{"line":80,"column":32},"end":{"line":84,"column":1}},"20":{"start":{"line":81,"column":2},"end":{"line":83,"column":9}},"21":{"start":{"line":86,"column":29},"end":{"line":108,"column":1}},"22":{"start":{"line":90,"column":2},"end":{"line":99,"column":3}},"23":{"start":{"line":92,"column":6},"end":{"line":94,"column":41}},"24":{"start":{"line":96,"column":4},"end":{"line":98,"column":11}},"25":{"start":{"line":101,"column":2},"end":{"line":105,"column":3}},"26":{"start":{"line":102,"column":4},"end":{"line":104,"column":11}},"27":{"start":{"line":107,"column":2},"end":{"line":107,"column":12}},"28":{"start":{"line":114,"column":25},"end":{"line":129,"column":1}},"29":{"start":{"line":115,"column":26},"end":{"line":115,"column":42}},"30":{"start":{"line":117,"column":2},"end":{"line":128,"column":20}},"31":{"start":{"line":118,"column":25},"end":{"line":125,"column":5}},"32":{"start":{"line":119,"column":6},"end":{"line":124,"column":7}},"33":{"start":{"line":120,"column":21},"end":{"line":120,"column":42}},"34":{"start":{"line":121,"column":8},"end":{"line":121,"column":26}},"35":{"start":{"line":123,"column":8},"end":{"line":123,"column":57}},"36":{"start":{"line":127,"column":4},"end":{"line":127,"column":19}},"37":{"start":{"line":135,"column":30},"end":{"line":393,"column":1}},"38":{"start":{"line":136,"column":36},"end":{"line":136,"column":52}},"39":{"start":{"line":137,"column":19},"end":{"line":137,"column":32}},"40":{"start":{"line":139,"column":30},"end":{"line":139,"column":66}},"41":{"start":{"line":140,"column":36},"end":{"line":140,"column":66}},"42":{"start":{"line":141,"column":32},"end":{"line":141,"column":47}},"43":{"start":{"line":143,"column":2},"end":{"line":143,"column":21}},"44":{"start":{"line":149,"column":23},"end":{"line":181,"column":null}},"45":{"start":{"line":151,"column":36},"end":{"line":151,"column":44}},"46":{"start":{"line":153,"column":6},"end":{"line":155,"column":7}},"47":{"start":{"line":154,"column":8},"end":{"line":154,"column":43}},"48":{"start":{"line":154,"column":36},"end":{"line":154,"column":43}},"49":{"start":{"line":157,"column":6},"end":{"line":163,"column":7}},"50":{"start":{"line":158,"column":8},"end":{"line":161,"column":12}},"51":{"start":{"line":158,"column":39},"end":{"line":161,"column":10}},"52":{"start":{"line":162,"column":8},"end":{"line":162,"column":15}},"53":{"start":{"line":165,"column":6},"end":{"line":174,"column":7}},"54":{"start":{"line":166,"column":29},"end":{"line":166,"column":50}},"55":{"start":{"line":167,"column":8},"end":{"line":171,"column":11}},"56":{"start":{"line":172,"column":8},"end":{"line":172,"column":53}},"57":{"start":{"line":173,"column":8},"end":{"line":173,"column":15}},"58":{"start":{"line":176,"column":6},"end":{"line":179,"column":10}},"59":{"start":{"line":176,"column":37},"end":{"line":179,"column":8}},"60":{"start":{"line":184,"column":33},"end":{"line":200,"column":null}},"61":{"start":{"line":186,"column":6},"end":{"line":186,"column":21}},"62":{"start":{"line":186,"column":14},"end":{"line":186,"column":21}},"63":{"start":{"line":188,"column":24},"end":{"line":188,"column":37}},"64":{"start":{"line":190,"column":6},"end":{"line":196,"column":7}},"65":{"start":{"line":191,"column":22},"end":{"line":193,"column":null}},"66":{"start":{"line":195,"column":8},"end":{"line":195,"column":53}},"67":{"start":{"line":198,"column":6},"end":{"line":198,"column":27}},"68":{"start":{"line":203,"column":23},"end":{"line":225,"column":16}},"69":{"start":{"line":204,"column":43},"end":{"line":204,"column":45}},"70":{"start":{"line":206,"column":21},"end":{"line":208,"column":null}},"71":{"start":{"line":210,"column":4},"end":{"line":210,"column":54}},"72":{"start":{"line":210,"column":18},"end":{"line":210,"column":54}},"73":{"start":{"line":212,"column":22},"end":{"line":212,"column":65}},"74":{"start":{"line":213,"column":4},"end":{"line":213,"column":51}},"75":{"start":{"line":213,"column":19},"end":{"line":213,"column":51}},"76":{"start":{"line":215,"column":4},"end":{"line":217,"column":5}},"77":{"start":{"line":216,"column":6},"end":{"line":216,"column":64}},"78":{"start":{"line":219,"column":4},"end":{"line":221,"column":5}},"79":{"start":{"line":220,"column":6},"end":{"line":220,"column":70}},"80":{"start":{"line":223,"column":4},"end":{"line":223,"column":51}},"81":{"start":{"line":224,"column":4},"end":{"line":224,"column":47}},"82":{"start":{"line":227,"column":23},"end":{"line":238,"column":null}},"83":{"start":{"line":229,"column":6},"end":{"line":229,"column":25}},"84":{"start":{"line":231,"column":6},"end":{"line":236,"column":7}},"85":{"start":{"line":232,"column":8},"end":{"line":232,"column":25}},"86":{"start":{"line":233,"column":8},"end":{"line":235,"column":26}},"87":{"start":{"line":234,"column":10},"end":{"line":234,"column":29}},"88":{"start":{"line":245,"column":2},"end":{"line":392,"column":4}},"89":{"start":{"line":299,"column":22},"end":{"line":299,"column":65}},"90":{"start":{"line":318,"column":36},"end":{"line":318,"column":74}},"91":{"start":{"line":395,"column":0},"end":{"line":395,"column":27}}},"fnMap":{"0":{"name":"(anonymous_0)","decl":{"start":{"line":66,"column":23},"end":{"line":66,"column":24}},"loc":{"start":{"line":66,"column":50},"end":{"line":68,"column":1}}},"1":{"name":"(anonymous_1)","decl":{"start":{"line":70,"column":31},"end":{"line":70,"column":32}},"loc":{"start":{"line":70,"column":77},"end":{"line":78,"column":1}}},"2":{"name":"(anonymous_2)","decl":{"start":{"line":80,"column":32},"end":{"line":80,"column":33}},"loc":{"start":{"line":80,"column":58},"end":{"line":84,"column":1}}},"3":{"name":"(anonymous_3)","decl":{"start":{"line":86,"column":29},"end":{"line":86,"column":null}},"loc":{"start":{"line":89,"column":12},"end":{"line":108,"column":1}}},"4":{"name":"(anonymous_4)","decl":{"start":{"line":114,"column":25},"end":{"line":114,"column":28}},"loc":{"start":{"line":114,"column":30},"end":{"line":129,"column":1}}},"5":{"name":"(anonymous_5)","decl":{"start":{"line":117,"column":12},"end":{"line":117,"column":15}},"loc":{"start":{"line":117,"column":17},"end":{"line":128,"column":3}}},"6":{"name":"(anonymous_6)","decl":{"start":{"line":118,"column":25},"end":{"line":118,"column":30}},"loc":{"start":{"line":118,"column":36},"end":{"line":125,"column":5}}},"7":{"name":"(anonymous_7)","decl":{"start":{"line":135,"column":30},"end":{"line":135,"column":33}},"loc":{"start":{"line":135,"column":35},"end":{"line":393,"column":1}}},"8":{"name":"(anonymous_8)","decl":{"start":{"line":150,"column":4},"end":{"line":150,"column":5}},"loc":{"start":{"line":150,"column":61},"end":{"line":180,"column":5}}},"9":{"name":"(anonymous_9)","decl":{"start":{"line":158,"column":20},"end":{"line":158,"column":21}},"loc":{"start":{"line":158,"column":39},"end":{"line":161,"column":10}}},"10":{"name":"(anonymous_10)","decl":{"start":{"line":176,"column":18},"end":{"line":176,"column":19}},"loc":{"start":{"line":176,"column":37},"end":{"line":179,"column":8}}},"11":{"name":"(anonymous_11)","decl":{"start":{"line":185,"column":4},"end":{"line":185,"column":5}},"loc":{"start":{"line":185,"column":71},"end":{"line":199,"column":5}}},"12":{"name":"(anonymous_12)","decl":{"start":{"line":203,"column":35},"end":{"line":203,"column":47}},"loc":{"start":{"line":203,"column":49},"end":{"line":225,"column":3}}},"13":{"name":"(anonymous_13)","decl":{"start":{"line":228,"column":4},"end":{"line":228,"column":5}},"loc":{"start":{"line":228,"column":21},"end":{"line":237,"column":5}}},"14":{"name":"(anonymous_14)","decl":{"start":{"line":233,"column":19},"end":{"line":233,"column":22}},"loc":{"start":{"line":233,"column":24},"end":{"line":235,"column":9}}},"15":{"name":"(anonymous_15)","decl":{"start":{"line":298,"column":31},"end":{"line":298,"column":32}},"loc":{"start":{"line":299,"column":22},"end":{"line":299,"column":65}}},"16":{"name":"(anonymous_16)","decl":{"start":{"line":318,"column":29},"end":{"line":318,"column":30}},"loc":{"start":{"line":318,"column":36},"end":{"line":318,"column":74}}}},"branchMap":{"0":{"loc":{"start":{"line":72,"column":2},"end":{"line":76,"column":3}},"type":"if","locations":[{"start":{"line":72,"column":2},"end":{"line":76,"column":3}},{"start":{},"end":{}}]},"1":{"loc":{"start":{"line":73,"column":11},"end":{"line":75,"column":33}},"type":"cond-expr","locations":[{"start":{"line":74,"column":8},"end":{"line":74,"column":33}},{"start":{"line":75,"column":8},"end":{"line":75,"column":33}}]},"2":{"loc":{"start":{"line":81,"column":9},"end":{"line":83,"column":8}},"type":"cond-expr","locations":[{"start":{"line":82,"column":6},"end":{"line":82,"column":37}},{"start":{"line":83,"column":6},"end":{"line":83,"column":8}}]},"3":{"loc":{"start":{"line":90,"column":2},"end":{"line":99,"column":3}},"type":"if","locations":[{"start":{"line":90,"column":2},"end":{"line":99,"column":3}},{"start":{},"end":{}}]},"4":{"loc":{"start":{"line":92,"column":6},"end":{"line":94,"column":41}},"type":"cond-expr","locations":[{"start":{"line":93,"column":10},"end":{"line":93,"column":41}},{"start":{"line":94,"column":10},"end":{"line":94,"column":41}}]},"5":{"loc":{"start":{"line":96,"column":11},"end":{"line":98,"column":10}},"type":"cond-expr","locations":[{"start":{"line":97,"column":8},"end":{"line":97,"column":39}},{"start":{"line":98,"column":8},"end":{"line":98,"column":10}}]},"6":{"loc":{"start":{"line":101,"column":2},"end":{"line":105,"column":3}},"type":"if","locations":[{"start":{"line":101,"column":2},"end":{"line":105,"column":3}},{"start":{},"end":{}}]},"7":{"loc":{"start":{"line":102,"column":11},"end":{"line":104,"column":10}},"type":"cond-expr","locations":[{"start":{"line":103,"column":8},"end":{"line":103,"column":40}},{"start":{"line":104,"column":8},"end":{"line":104,"column":10}}]},"8":{"loc":{"start":{"line":153,"column":6},"end":{"line":155,"column":7}},"type":"if","locations":[{"start":{"line":153,"column":6},"end":{"line":155,"column":7}},{"start":{},"end":{}}]},"9":{"loc":{"start":{"line":153,"column":10},"end":{"line":153,"column":59}},"type":"binary-expr","locations":[{"start":{"line":153,"column":10},"end":{"line":153,"column":35}},{"start":{"line":153,"column":39},"end":{"line":153,"column":59}}]},"10":{"loc":{"start":{"line":154,"column":8},"end":{"line":154,"column":43}},"type":"if","locations":[{"start":{"line":154,"column":8},"end":{"line":154,"column":43}},{"start":{},"end":{}}]},"11":{"loc":{"start":{"line":157,"column":6},"end":{"line":163,"column":7}},"type":"if","locations":[{"start":{"line":157,"column":6},"end":{"line":163,"column":7}},{"start":{},"end":{}}]},"12":{"loc":{"start":{"line":165,"column":6},"end":{"line":174,"column":7}},"type":"if","locations":[{"start":{"line":165,"column":6},"end":{"line":174,"column":7}},{"start":{},"end":{}}]},"13":{"loc":{"start":{"line":186,"column":6},"end":{"line":186,"column":21}},"type":"if","locations":[{"start":{"line":186,"column":6},"end":{"line":186,"column":21}},{"start":{},"end":{}}]},"14":{"loc":{"start":{"line":190,"column":6},"end":{"line":196,"column":7}},"type":"if","locations":[{"start":{"line":190,"column":6},"end":{"line":196,"column":7}},{"start":{},"end":{}}]},"15":{"loc":{"start":{"line":190,"column":10},"end":{"line":190,"column":61}},"type":"binary-expr","locations":[{"start":{"line":190,"column":10},"end":{"line":190,"column":36}},{"start":{"line":190,"column":40},"end":{"line":190,"column":61}}]},"16":{"loc":{"start":{"line":210,"column":4},"end":{"line":210,"column":54}},"type":"if","locations":[{"start":{"line":210,"column":4},"end":{"line":210,"column":54}},{"start":{},"end":{}}]},"17":{"loc":{"start":{"line":213,"column":4},"end":{"line":213,"column":51}},"type":"if","locations":[{"start":{"line":213,"column":4},"end":{"line":213,"column":51}},{"start":{},"end":{}}]},"18":{"loc":{"start":{"line":215,"column":4},"end":{"line":217,"column":5}},"type":"if","locations":[{"start":{"line":215,"column":4},"end":{"line":217,"column":5}},{"start":{},"end":{}}]},"19":{"loc":{"start":{"line":219,"column":4},"end":{"line":221,"column":5}},"type":"if","locations":[{"start":{"line":219,"column":4},"end":{"line":221,"column":5}},{"start":{},"end":{}}]},"20":{"loc":{"start":{"line":231,"column":6},"end":{"line":236,"column":7}},"type":"if","locations":[{"start":{"line":231,"column":6},"end":{"line":236,"column":7}},{"start":{},"end":{}}]},"21":{"loc":{"start":{"line":305,"column":15},"end":{"line":306,"column":null}},"type":"binary-expr","locations":[{"start":{"line":305,"column":15},"end":{"line":305,"column":36}},{"start":{"line":306,"column":16},"end":{"line":306,"column":72}}]},"22":{"loc":{"start":{"line":322,"column":15},"end":{"line":323,"column":null}},"type":"binary-expr","locations":[{"start":{"line":322,"column":15},"end":{"line":322,"column":31}},{"start":{"line":323,"column":16},"end":{"line":323,"column":67}}]},"23":{"loc":{"start":{"line":337,"column":15},"end":{"line":338,"column":null}},"type":"binary-expr","locations":[{"start":{"line":337,"column":15},"end":{"line":337,"column":35}},{"start":{"line":338,"column":16},"end":{"line":338,"column":71}}]},"24":{"loc":{"start":{"line":352,"column":15},"end":{"line":353,"column":null}},"type":"binary-expr","locations":[{"start":{"line":352,"column":15},"end":{"line":352,"column":38}},{"start":{"line":353,"column":16},"end":{"line":353,"column":74}}]}},"s":{"0":1,"1":1,"2":1,"3":1,"4":1,"5":1,"6":1,"7":1,"8":1,"9":1,"10":1,"11":1,"12":1,"13":224,"14":1,"15":11,"16":11,"17":3,"18":8,"19":1,"20":11,"21":1,"22":227,"23":116,"24":116,"25":111,"26":111,"27":0,"28":1,"29":524,"30":524,"31":25,"32":25,"33":25,"34":24,"35":1,"36":25,"37":1,"38":524,"39":524,"40":524,"41":524,"42":524,"43":524,"44":524,"45":248,"46":248,"47":224,"48":6,"49":242,"50":20,"51":20,"52":20,"53":222,"54":4,"55":4,"56":4,"57":4,"58":218,"59":218,"60":524,"61":227,"62":0,"63":227,"64":227,"65":227,"66":227,"67":227,"68":524,"69":11,"70":11,"71":11,"72":3,"73":11,"74":11,"75":2,"76":11,"77":2,"78":11,"79":2,"80":11,"81":11,"82":524,"83":11,"84":11,"85":5,"86":5,"87":5,"88":524,"89":116,"90":111,"91":1},"f":{"0":224,"1":11,"2":11,"3":227,"4":524,"5":25,"6":25,"7":524,"8":248,"9":20,"10":218,"11":227,"12":11,"13":11,"14":5,"15":116,"16":111},"b":{"0":[3,8],"1":[2,1],"2":[2,9],"3":[116,111],"4":[94,22],"5":[103,13],"6":[111,0],"7":[99,12],"8":[224,24],"9":[248,134],"10":[6,218],"11":[20,222],"12":[4,218],"13":[0,227],"14":[227,0],"15":[227,111],"16":[3,8],"17":[2,9],"18":[2,9],"19":[2,9],"20":[5,6],"21":[524,259],"22":[524,202],"23":[524,3],"24":[524,3]}}
,"C:\\Proyectos\\GitHub\\test-interview\\src\\components\\layout\\Footer.tsx": {"path":"C:\\Proyectos\\GitHub\\test-interview\\src\\components\\layout\\Footer.tsx","statementMap":{"0":{"start":{"line":2,"column":0},"end":{"line":2,"column":34}},"1":{"start":{"line":4,"column":15},"end":{"line":18,"column":1}},"2":{"start":{"line":5,"column":2},"end":{"line":17,"column":4}},"3":{"start":{"line":20,"column":0},"end":{"line":20,"column":22}}},"fnMap":{"0":{"name":"(anonymous_0)","decl":{"start":{"line":4,"column":15},"end":{"line":4,"column":18}},"loc":{"start":{"line":4,"column":20},"end":{"line":18,"column":1}}}},"branchMap":{},"s":{"0":0,"1":0,"2":0,"3":0},"f":{"0":0},"b":{}}
,"C:\\Proyectos\\GitHub\\test-interview\\src\\components\\layout\\Header.tsx": {"path":"C:\\Proyectos\\GitHub\\test-interview\\src\\components\\layout\\Header.tsx","statementMap":{"0":{"start":{"line":2,"column":0},"end":{"line":2,"column":44}},"1":{"start":{"line":3,"column":0},"end":{"line":3,"column":34}},"2":{"start":{"line":5,"column":15},"end":{"line":22,"column":1}},"3":{"start":{"line":6,"column":2},"end":{"line":21,"column":4}},"4":{"start":{"line":24,"column":0},"end":{"line":24,"column":22}}},"fnMap":{"0":{"name":"(anonymous_0)","decl":{"start":{"line":5,"column":15},"end":{"line":5,"column":18}},"loc":{"start":{"line":5,"column":20},"end":{"line":22,"column":1}}}},"branchMap":{},"s":{"0":0,"1":0,"2":0,"3":0,"4":0},"f":{"0":0},"b":{}}
,"C:\\Proyectos\\GitHub\\test-interview\\src\\components\\ui\\Button\\Button.tsx": {"path":"C:\\Proyectos\\GitHub\\test-interview\\src\\components\\ui\\Button\\Button.tsx","statementMap":{"0":{"start":{"line":2,"column":0},"end":{"line":2,"column":23}},"1":{"start":{"line":19,"column":45},"end":{"line":46,"column":1}},"2":{"start":{"line":28,"column":2},"end":{"line":45,"column":4}},"3":{"start":{"line":19,"column":13},"end":{"line":19,"column":45}},"4":{"start":{"line":48,"column":0},"end":{"line":48,"column":22}}},"fnMap":{"0":{"name":"(anonymous_0)","decl":{"start":{"line":19,"column":45},"end":{"line":19,"column":46}},"loc":{"start":{"line":27,"column":5},"end":{"line":46,"column":1}}}},"branchMap":{"0":{"loc":{"start":{"line":20,"column":2},"end":{"line":20,"column":17}},"type":"default-arg","locations":[{"start":{"line":20,"column":12},"end":{"line":20,"column":17}}]},"1":{"loc":{"start":{"line":21,"column":2},"end":{"line":21,"column":29}},"type":"default-arg","locations":[{"start":{"line":21,"column":16},"end":{"line":21,"column":29}}]},"2":{"loc":{"start":{"line":22,"column":2},"end":{"line":22,"column":18}},"type":"default-arg","locations":[{"start":{"line":22,"column":13},"end":{"line":22,"column":18}}]},"3":{"loc":{"start":{"line":24,"column":2},"end":{"line":24,"column":16}},"type":"default-arg","locations":[{"start":{"line":24,"column":14},"end":{"line":24,"column":16}}]},"4":{"loc":{"start":{"line":25,"column":2},"end":{"line":25,"column":17}},"type":"default-arg","locations":[{"start":{"line":25,"column":9},"end":{"line":25,"column":17}}]},"5":{"loc":{"start":{"line":32,"column":16},"end":{"line":32,"column":35}},"type":"binary-expr","locations":[{"start":{"line":32,"column":16},"end":{"line":32,"column":24}},{"start":{"line":32,"column":28},"end":{"line":32,"column":35}}]},"6":{"loc":{"start":{"line":36,"column":7},"end":{"line":42,"column":null}},"type":"cond-expr","locations":[{"start":{"line":37,"column":8},"end":{"line":39,"column":null}},{"start":{"line":42,"column":8},"end":{"line":42,"column":16}}]}},"s":{"0":2,"1":2,"2":576,"3":2,"4":2},"f":{"0":576},"b":{"0":[28],"1":[50],"2":[571],"3":[574],"4":[49],"5":[576,571],"6":[25,551]}}
,"C:\\Proyectos\\GitHub\\test-interview\\src\\context\\UserContext.tsx": {"path":"C:\\Proyectos\\GitHub\\test-interview\\src\\context\\UserContext.tsx","statementMap":{"0":{"start":{"line":1,"column":0},"end":{"line":1,"column":67}},"1":{"start":{"line":27,"column":20},"end":{"line":27,"column":73}},"2":{"start":{"line":30,"column":28},"end":{"line":52,"column":1}},"3":{"start":{"line":31,"column":34},"end":{"line":35,"column":4}},"4":{"start":{"line":37,"column":34},"end":{"line":43,"column":4}},"5":{"start":{"line":45,"column":2},"end":{"line":51,"column":4}},"6":{"start":{"line":30,"column":13},"end":{"line":30,"column":28}},"7":{"start":{"line":55,"column":30},"end":{"line":61,"column":1}},"8":{"start":{"line":56,"column":18},"end":{"line":56,"column":41}},"9":{"start":{"line":57,"column":2},"end":{"line":59,"column":3}},"10":{"start":{"line":58,"column":4},"end":{"line":58,"column":73}},"11":{"start":{"line":60,"column":2},"end":{"line":60,"column":17}},"12":{"start":{"line":55,"column":13},"end":{"line":55,"column":30}}},"fnMap":{"0":{"name":"(anonymous_0)","decl":{"start":{"line":30,"column":28},"end":{"line":30,"column":29}},"loc":{"start":{"line":30,"column":76},"end":{"line":52,"column":1}}},"1":{"name":"(anonymous_1)","decl":{"start":{"line":55,"column":30},"end":{"line":55,"column":33}},"loc":{"start":{"line":55,"column":35},"end":{"line":61,"column":1}}}},"branchMap":{"0":{"loc":{"start":{"line":57,"column":2},"end":{"line":59,"column":3}},"type":"if","locations":[{"start":{"line":57,"column":2},"end":{"line":59,"column":3}},{"start":{},"end":{}}]}},"s":{"0":2,"1":2,"2":2,"3":320,"4":320,"5":320,"6":2,"7":2,"8":1048,"9":1048,"10":0,"11":1048,"12":2},"f":{"0":320,"1":1048},"b":{"0":[0,1048]}}
,"C:\\Proyectos\\GitHub\\test-interview\\src\\services\\plansApi.ts": {"path":"C:\\Proyectos\\GitHub\\test-interview\\src\\services\\plansApi.ts","statementMap":{"0":{"start":{"line":28,"column":2},"end":{"line":28,"column":64}},"1":{"start":{"line":39,"column":26},"end":{"line":67,"column":1}},"2":{"start":{"line":40,"column":2},"end":{"line":66,"column":3}},"3":{"start":{"line":41,"column":21},"end":{"line":41,"column":47}},"4":{"start":{"line":43,"column":4},"end":{"line":47,"column":5}},"5":{"start":{"line":44,"column":6},"end":{"line":46,"column":8}},"6":{"start":{"line":49,"column":43},"end":{"line":49,"column":64}},"7":{"start":{"line":51,"column":27},"end":{"line":51,"column":29}},"8":{"start":{"line":54,"column":4},"end":{"line":60,"column":5}},"9":{"start":{"line":55,"column":6},"end":{"line":55,"column":62}},"10":{"start":{"line":55,"column":45},"end":{"line":55,"column":60}},"11":{"start":{"line":56,"column":11},"end":{"line":60,"column":5}},"12":{"start":{"line":57,"column":6},"end":{"line":57,"column":27}},"13":{"start":{"line":59,"column":6},"end":{"line":59,"column":54}},"14":{"start":{"line":62,"column":4},"end":{"line":62,"column":20}},"15":{"start":{"line":64,"column":4},"end":{"line":64,"column":50}},"16":{"start":{"line":65,"column":4},"end":{"line":65,"column":16}},"17":{"start":{"line":39,"column":13},"end":{"line":39,"column":26}},"18":{"start":{"line":75,"column":32},"end":{"line":77,"column":1}},"19":{"start":{"line":76,"column":2},"end":{"line":76,"column":53}},"20":{"start":{"line":76,"column":32},"end":{"line":76,"column":51}},"21":{"start":{"line":75,"column":13},"end":{"line":75,"column":32}},"22":{"start":{"line":85,"column":35},"end":{"line":93,"column":1}},"23":{"start":{"line":89,"column":2},"end":{"line":92,"column":4}},"24":{"start":{"line":85,"column":13},"end":{"line":85,"column":35}},"25":{"start":{"line":101,"column":36},"end":{"line":106,"column":1}},"26":{"start":{"line":105,"column":2},"end":{"line":105,"column":70}},"27":{"start":{"line":105,"column":29},"end":{"line":105,"column":68}},"28":{"start":{"line":101,"column":13},"end":{"line":101,"column":36}},"29":{"start":{"line":111,"column":13},"end":{"line":116,"column":2}}},"fnMap":{"0":{"name":"(anonymous_0)","decl":{"start":{"line":39,"column":26},"end":{"line":39,"column":31}},"loc":{"start":{"line":39,"column":54},"end":{"line":67,"column":1}}},"1":{"name":"(anonymous_1)","decl":{"start":{"line":55,"column":30},"end":{"line":55,"column":31}},"loc":{"start":{"line":55,"column":45},"end":{"line":55,"column":60}}},"2":{"name":"(anonymous_2)","decl":{"start":{"line":75,"column":32},"end":{"line":75,"column":33}},"loc":{"start":{"line":75,"column":75},"end":{"line":77,"column":1}}},"3":{"name":"(anonymous_3)","decl":{"start":{"line":76,"column":22},"end":{"line":76,"column":23}},"loc":{"start":{"line":76,"column":32},"end":{"line":76,"column":51}}},"4":{"name":"(anonymous_4)","decl":{"start":{"line":85,"column":35},"end":{"line":85,"column":null}},"loc":{"start":{"line":88,"column":10},"end":{"line":93,"column":1}}},"5":{"name":"(anonymous_5)","decl":{"start":{"line":101,"column":36},"end":{"line":101,"column":null}},"loc":{"start":{"line":104,"column":12},"end":{"line":106,"column":1}}},"6":{"name":"(anonymous_6)","decl":{"start":{"line":105,"column":19},"end":{"line":105,"column":20}},"loc":{"start":{"line":105,"column":29},"end":{"line":105,"column":68}}}},"branchMap":{"0":{"loc":{"start":{"line":43,"column":4},"end":{"line":47,"column":5}},"type":"if","locations":[{"start":{"line":43,"column":4},"end":{"line":47,"column":5}},{"start":{},"end":{}}]},"1":{"loc":{"start":{"line":54,"column":4},"end":{"line":60,"column":5}},"type":"if","locations":[{"start":{"line":54,"column":4},"end":{"line":60,"column":5}},{"start":{"line":56,"column":11},"end":{"line":60,"column":5}}]},"2":{"loc":{"start":{"line":55,"column":45},"end":{"line":55,"column":60}},"type":"binary-expr","locations":[{"start":{"line":55,"column":45},"end":{"line":55,"column":54}},{"start":{"line":55,"column":58},"end":{"line":55,"column":60}}]},"3":{"loc":{"start":{"line":56,"column":11},"end":{"line":60,"column":5}},"type":"if","locations":[{"start":{"line":56,"column":11},"end":{"line":60,"column":5}},{"start":{"line":58,"column":11},"end":{"line":60,"column":5}}]},"4":{"loc":{"start":{"line":56,"column":15},"end":{"line":56,"column":52}},"type":"binary-expr","locations":[{"start":{"line":56,"column":15},"end":{"line":56,"column":24}},{"start":{"line":56,"column":28},"end":{"line":56,"column":52}}]},"5":{"loc":{"start":{"line":87,"column":2},"end":{"line":87,"column":29}},"type":"default-arg","locations":[{"start":{"line":87,"column":25},"end":{"line":87,"column":29}}]},"6":{"loc":{"start":{"line":103,"column":2},"end":{"line":103,"column":29}},"type":"default-arg","locations":[{"start":{"line":103,"column":25},"end":{"line":103,"column":29}}]}},"s":{"0":1,"1":1,"2":0,"3":0,"4":0,"5":0,"6":0,"7":0,"8":0,"9":0,"10":0,"11":0,"12":0,"13":0,"14":0,"15":0,"16":0,"17":1,"18":1,"19":0,"20":0,"21":1,"22":1,"23":0,"24":1,"25":1,"26":0,"27":0,"28":1,"29":1},"f":{"0":0,"1":0,"2":0,"3":0,"4":0,"5":0,"6":0},"b":{"0":[0,0],"1":[0,0],"2":[0,0],"3":[0,0],"4":[0,0],"5":[0],"6":[0]}}
,"C:\\Proyectos\\GitHub\\test-interview\\src\\services\\userApi.ts": {"path":"C:\\Proyectos\\GitHub\\test-interview\\src\\services\\userApi.ts","statementMap":{"0":{"start":{"line":28,"column":2},"end":{"line":28,"column":63}},"1":{"start":{"line":39,"column":29},"end":{"line":65,"column":1}},"2":{"start":{"line":40,"column":2},"end":{"line":64,"column":3}},"3":{"start":{"line":41,"column":21},"end":{"line":41,"column":46}},"4":{"start":{"line":43,"column":4},"end":{"line":47,"column":5}},"5":{"start":{"line":44,"column":6},"end":{"line":46,"column":8}},"6":{"start":{"line":49,"column":34},"end":{"line":49,"column":55}},"7":{"start":{"line":52,"column":4},"end":{"line":54,"column":5}},"8":{"start":{"line":53,"column":6},"end":{"line":53,"column":77}},"9":{"start":{"line":56,"column":4},"end":{"line":60,"column":6}},"10":{"start":{"line":62,"column":4},"end":{"line":62,"column":54}},"11":{"start":{"line":63,"column":4},"end":{"line":63,"column":16}},"12":{"start":{"line":39,"column":13},"end":{"line":39,"column":29}},"13":{"start":{"line":71,"column":13},"end":{"line":73,"column":2}}},"fnMap":{"0":{"name":"(anonymous_0)","decl":{"start":{"line":39,"column":29},"end":{"line":39,"column":34}},"loc":{"start":{"line":39,"column":59},"end":{"line":65,"column":1}}}},"branchMap":{"0":{"loc":{"start":{"line":43,"column":4},"end":{"line":47,"column":5}},"type":"if","locations":[{"start":{"line":43,"column":4},"end":{"line":47,"column":5}},{"start":{},"end":{}}]},"1":{"loc":{"start":{"line":52,"column":4},"end":{"line":54,"column":5}},"type":"if","locations":[{"start":{"line":52,"column":4},"end":{"line":54,"column":5}},{"start":{},"end":{}}]},"2":{"loc":{"start":{"line":52,"column":8},"end":{"line":52,"column":54}},"type":"binary-expr","locations":[{"start":{"line":52,"column":8},"end":{"line":52,"column":18}},{"start":{"line":52,"column":22},"end":{"line":52,"column":36}},{"start":{"line":52,"column":40},"end":{"line":52,"column":54}}]}},"s":{"0":1,"1":1,"2":0,"3":0,"4":0,"5":0,"6":0,"7":0,"8":0,"9":0,"10":0,"11":0,"12":1,"13":1},"f":{"0":0},"b":{"0":[0,0],"1":[0,0],"2":[0,0,0]}}
}
