TN:
SF:src\App.tsx
FN:10,(anonymous_1)
FNF:1
FNH:0
FNDA:0,(anonymous_1)
DA:2,0
DA:3,0
DA:4,0
DA:5,0
DA:6,0
DA:7,0
DA:8,0
DA:10,0
DA:11,0
DA:29,0
LF:10
LH:0
BRF:0
BRH:0
end_of_record
TN:
SF:src\components\InsurancePage.tsx
FN:40,(anonymous_0)
FN:53,(anonymous_1)
FN:57,(anonymous_2)
FN:65,(anonymous_3)
FN:91,(anonymous_4)
FN:115,(anonymous_5)
FN:124,(anonymous_6)
FN:128,(anonymous_7)
FN:133,(anonymous_8)
FN:142,(anonymous_9)
FN:165,(anonymous_10)
FN:170,(anonymous_11)
FN:185,(anonymous_12)
FN:192,(anonymous_13)
FN:201,(anonymous_14)
FN:227,(anonymous_15)
FN:238,(anonymous_16)
FN:247,(anonymous_17)
FN:253,(anonymous_18)
FN:256,(anonymous_19)
FN:264,(anonymous_20)
FN:281,(anonymous_21)
FN:284,(anonymous_22)
FN:292,(anonymous_23)
FN:310,(anonymous_24)
FN:352,(anonymous_25)
FN:360,(anonymous_26)
FN:368,(anonymous_27)
FN:396,(anonymous_28)
FN:404,(anonymous_29)
FN:409,(anonymous_30)
FN:421,(anonymous_31)
FNF:32
FNH:27
FNDA:198,(anonymous_0)
FNDA:129,(anonymous_1)
FNDA:150,(anonymous_2)
FNDA:215,(anonymous_3)
FNDA:34,(anonymous_4)
FNDA:2,(anonymous_5)
FNDA:52,(anonymous_6)
FNDA:9,(anonymous_7)
FNDA:21,(anonymous_8)
FNDA:0,(anonymous_9)
FNDA:34,(anonymous_10)
FNDA:91,(anonymous_11)
FNDA:125,(anonymous_12)
FNDA:21,(anonymous_13)
FNDA:215,(anonymous_14)
FNDA:215,(anonymous_15)
FNDA:206,(anonymous_16)
FNDA:206,(anonymous_17)
FNDA:24,(anonymous_18)
FNDA:0,(anonymous_19)
FNDA:24,(anonymous_20)
FNDA:2,(anonymous_21)
FNDA:0,(anonymous_22)
FNDA:2,(anonymous_23)
FNDA:129,(anonymous_24)
FNDA:287,(anonymous_25)
FNDA:9,(anonymous_26)
FNDA:76,(anonymous_27)
FNDA:0,(anonymous_28)
FNDA:129,(anonymous_29)
FNDA:0,(anonymous_30)
FNDA:9,(anonymous_31)
DA:1,1
DA:2,1
DA:3,1
DA:4,1
DA:5,1
DA:11,1
DA:23,1
DA:24,1
DA:25,1
DA:27,1
DA:40,1
DA:41,198
DA:42,198
DA:43,198
DA:44,198
DA:46,198
DA:47,198
DA:50,198
DA:53,1
DA:54,129
DA:57,1
DA:58,150
DA:65,1
DA:66,215
DA:67,215
DA:70,215
DA:71,215
DA:72,215
DA:73,215
DA:74,215
DA:75,215
DA:76,215
DA:79,215
DA:80,215
DA:81,215
DA:84,215
DA:85,215
DA:91,215
DA:92,34
DA:93,34
DA:95,34
DA:96,34
DA:97,32
DA:98,32
DA:101,2
DA:104,2
DA:105,2
DA:107,34
DA:115,215
DA:116,2
DA:117,1
DA:119,1
DA:120,1
DA:124,215
DA:125,52
DA:128,215
DA:129,9
DA:130,9
DA:133,215
DA:134,21
DA:135,21
DA:137,21
DA:138,21
DA:139,21
DA:142,215
DA:143,0
DA:144,0
DA:146,0
DA:147,0
DA:152,0
DA:154,0
DA:165,215
DA:166,34
DA:170,215
DA:171,91
DA:172,70
DA:173,70
DA:177,21
DA:181,21
DA:185,215
DA:186,125
DA:187,125
DA:189,21
DA:190,21
DA:192,21
DA:193,21
DA:201,215
DA:202,215
DA:227,215
DA:228,215
DA:238,215
DA:239,206
DA:247,215
DA:248,206
DA:253,24
DA:256,0
DA:264,24
DA:281,2
DA:284,0
DA:292,2
DA:310,215
DA:311,129
DA:312,129
DA:314,129
DA:318,129
DA:353,287
DA:360,9
DA:368,215
DA:369,76
DA:396,0
DA:404,129
DA:409,0
DA:421,215
DA:422,9
DA:424,9
DA:426,9
DA:473,215
DA:491,1
LF:118
LH:108
BRDA:46,0,0,198
BRDA:46,0,1,0
BRDA:46,1,0,198
BRDA:46,1,1,0
BRDA:46,1,2,0
BRDA:54,2,0,129
BRDA:54,2,1,0
BRDA:84,3,0,198
BRDA:84,3,1,17
BRDA:85,4,0,215
BRDA:85,4,1,0
BRDA:101,5,0,2
BRDA:101,5,1,0
BRDA:116,6,0,1
BRDA:116,6,1,1
BRDA:135,7,0,0
BRDA:135,7,1,21
BRDA:144,8,0,0
BRDA:144,8,1,0
BRDA:147,9,0,0
BRDA:147,9,1,0
BRDA:152,10,0,0
BRDA:152,10,1,0
BRDA:171,11,0,70
BRDA:171,11,1,21
BRDA:171,12,0,91
BRDA:171,12,1,27
BRDA:177,13,0,2
BRDA:177,13,1,19
BRDA:187,14,0,104
BRDA:187,14,1,21
BRDA:214,15,0,215
BRDA:214,15,1,0
BRDA:215,16,0,215
BRDA:215,16,1,0
BRDA:218,17,0,215
BRDA:218,17,1,0
BRDA:219,18,0,9
BRDA:219,18,1,206
BRDA:220,19,0,9
BRDA:220,19,1,206
BRDA:251,20,0,70
BRDA:251,20,1,136
BRDA:256,21,0,0
BRDA:256,21,1,0
BRDA:279,22,0,6
BRDA:279,22,1,200
BRDA:284,23,0,0
BRDA:284,23,1,0
BRDA:314,24,0,12
BRDA:314,24,1,117
BRDA:326,25,0,129
BRDA:326,25,1,43
BRDA:340,26,0,129
BRDA:340,26,1,12
BRDA:350,27,0,129
BRDA:350,27,1,123
BRDA:350,27,2,123
BRDA:374,28,0,76
BRDA:374,28,1,4
BRDA:380,29,0,76
BRDA:380,29,1,4
BRDA:386,30,0,76
BRDA:386,30,1,72
BRDA:386,30,2,68
BRDA:386,30,3,25
BRDA:392,31,0,76
BRDA:392,31,1,72
BRDA:392,31,2,68
BRDA:392,31,3,43
BRDA:422,32,0,0
BRDA:422,32,1,9
BRDA:478,33,0,215
BRDA:478,33,1,206
BRDA:482,34,0,206
BRDA:482,34,1,76
BRDA:486,35,0,215
BRDA:486,35,1,9
BRF:78
BRH:57
end_of_record
TN:
SF:src\components\RegistrationForm.tsx
FN:66,(anonymous_0)
FN:70,(anonymous_1)
FN:80,(anonymous_2)
FN:86,(anonymous_3)
FN:114,(anonymous_4)
FN:117,(anonymous_5)
FN:118,(anonymous_6)
FN:135,(anonymous_7)
FN:150,(anonymous_8)
FN:158,(anonymous_9)
FN:176,(anonymous_10)
FN:185,(anonymous_11)
FN:203,(anonymous_12)
FN:228,(anonymous_13)
FN:233,(anonymous_14)
FN:298,(anonymous_15)
FN:318,(anonymous_16)
FNF:17
FNH:17
FNDA:224,(anonymous_0)
FNDA:11,(anonymous_1)
FNDA:11,(anonymous_2)
FNDA:227,(anonymous_3)
FNDA:524,(anonymous_4)
FNDA:25,(anonymous_5)
FNDA:25,(anonymous_6)
FNDA:524,(anonymous_7)
FNDA:248,(anonymous_8)
FNDA:20,(anonymous_9)
FNDA:218,(anonymous_10)
FNDA:227,(anonymous_11)
FNDA:11,(anonymous_12)
FNDA:11,(anonymous_13)
FNDA:5,(anonymous_14)
FNDA:116,(anonymous_15)
FNDA:111,(anonymous_16)
DA:1,1
DA:8,1
DA:9,1
DA:10,1
DA:11,1
DA:12,1
DA:31,1
DA:36,1
DA:37,1
DA:39,1
DA:45,1
DA:55,1
DA:66,1
DA:67,224
DA:70,1
DA:71,11
DA:72,11
DA:73,3
DA:77,8
DA:80,1
DA:81,11
DA:86,1
DA:90,227
DA:92,116
DA:96,116
DA:101,111
DA:102,111
DA:107,0
DA:114,1
DA:115,524
DA:117,524
DA:118,25
DA:119,25
DA:120,25
DA:121,24
DA:123,1
DA:127,25
DA:135,1
DA:136,524
DA:137,524
DA:139,524
DA:140,524
DA:141,524
DA:143,524
DA:149,524
DA:151,248
DA:153,248
DA:154,224
DA:157,242
DA:158,20
DA:162,20
DA:165,222
DA:166,4
DA:167,4
DA:172,4
DA:173,4
DA:176,218
DA:184,524
DA:186,227
DA:188,227
DA:190,227
DA:191,227
DA:195,227
DA:198,227
DA:203,524
DA:204,11
DA:206,11
DA:210,11
DA:212,11
DA:213,11
DA:215,11
DA:216,2
DA:219,11
DA:220,2
DA:223,11
DA:224,11
DA:227,524
DA:229,11
DA:231,11
DA:232,5
DA:233,5
DA:234,5
DA:245,524
DA:299,116
DA:318,111
DA:395,1
LF:86
LH:85
BRDA:72,0,0,3
BRDA:72,0,1,8
BRDA:73,1,0,2
BRDA:73,1,1,1
BRDA:81,2,0,2
BRDA:81,2,1,9
BRDA:90,3,0,116
BRDA:90,3,1,111
BRDA:92,4,0,94
BRDA:92,4,1,22
BRDA:96,5,0,103
BRDA:96,5,1,13
BRDA:101,6,0,111
BRDA:101,6,1,0
BRDA:102,7,0,99
BRDA:102,7,1,12
BRDA:153,8,0,224
BRDA:153,8,1,24
BRDA:153,9,0,248
BRDA:153,9,1,134
BRDA:154,10,0,6
BRDA:154,10,1,218
BRDA:157,11,0,20
BRDA:157,11,1,222
BRDA:165,12,0,4
BRDA:165,12,1,218
BRDA:186,13,0,0
BRDA:186,13,1,227
BRDA:190,14,0,227
BRDA:190,14,1,0
BRDA:190,15,0,227
BRDA:190,15,1,111
BRDA:210,16,0,3
BRDA:210,16,1,8
BRDA:213,17,0,2
BRDA:213,17,1,9
BRDA:215,18,0,2
BRDA:215,18,1,9
BRDA:219,19,0,2
BRDA:219,19,1,9
BRDA:231,20,0,5
BRDA:231,20,1,6
BRDA:305,21,0,524
BRDA:305,21,1,259
BRDA:322,22,0,524
BRDA:322,22,1,202
BRDA:337,23,0,524
BRDA:337,23,1,3
BRDA:352,24,0,524
BRDA:352,24,1,3
BRF:50
BRH:47
end_of_record
TN:
SF:src\components\layout\Footer.tsx
FN:4,(anonymous_0)
FNF:1
FNH:0
FNDA:0,(anonymous_0)
DA:2,0
DA:4,0
DA:5,0
DA:20,0
LF:4
LH:0
BRF:0
BRH:0
end_of_record
TN:
SF:src\components\layout\Header.tsx
FN:5,(anonymous_0)
FNF:1
FNH:0
FNDA:0,(anonymous_0)
DA:2,0
DA:3,0
DA:5,0
DA:6,0
DA:24,0
LF:5
LH:0
BRF:0
BRH:0
end_of_record
TN:
SF:src\components\ui\Button\Button.tsx
FN:19,(anonymous_0)
FNF:1
FNH:1
FNDA:576,(anonymous_0)
DA:2,2
DA:19,2
DA:28,576
DA:48,2
LF:4
LH:4
BRDA:20,0,0,28
BRDA:21,1,0,50
BRDA:22,2,0,571
BRDA:24,3,0,574
BRDA:25,4,0,49
BRDA:32,5,0,576
BRDA:32,5,1,571
BRDA:36,6,0,25
BRDA:36,6,1,551
BRF:9
BRH:9
end_of_record
TN:
SF:src\context\UserContext.tsx
FN:30,(anonymous_0)
FN:55,(anonymous_1)
FNF:2
FNH:2
FNDA:320,(anonymous_0)
FNDA:1048,(anonymous_1)
DA:1,2
DA:27,2
DA:30,2
DA:31,320
DA:37,320
DA:45,320
DA:55,2
DA:56,1048
DA:57,1048
DA:58,0
DA:60,1048
LF:11
LH:10
BRDA:57,0,0,0
BRDA:57,0,1,1048
BRF:2
BRH:1
end_of_record
TN:
SF:src\services\plansApi.ts
FN:39,(anonymous_0)
FN:55,(anonymous_1)
FN:75,(anonymous_2)
FN:76,(anonymous_3)
FN:85,(anonymous_4)
FN:101,(anonymous_5)
FN:105,(anonymous_6)
FNF:7
FNH:0
FNDA:0,(anonymous_0)
FNDA:0,(anonymous_1)
FNDA:0,(anonymous_2)
FNDA:0,(anonymous_3)
FNDA:0,(anonymous_4)
FNDA:0,(anonymous_5)
FNDA:0,(anonymous_6)
DA:28,1
DA:39,1
DA:40,0
DA:41,0
DA:43,0
DA:44,0
DA:49,0
DA:51,0
DA:54,0
DA:55,0
DA:56,0
DA:57,0
DA:59,0
DA:62,0
DA:64,0
DA:65,0
DA:75,1
DA:76,0
DA:85,1
DA:89,0
DA:101,1
DA:105,0
DA:111,1
LF:23
LH:6
BRDA:43,0,0,0
BRDA:43,0,1,0
BRDA:54,1,0,0
BRDA:54,1,1,0
BRDA:55,2,0,0
BRDA:55,2,1,0
BRDA:56,3,0,0
BRDA:56,3,1,0
BRDA:56,4,0,0
BRDA:56,4,1,0
BRDA:87,5,0,0
BRDA:103,6,0,0
BRF:12
BRH:0
end_of_record
TN:
SF:src\services\userApi.ts
FN:39,(anonymous_0)
FNF:1
FNH:0
FNDA:0,(anonymous_0)
DA:28,1
DA:39,1
DA:40,0
DA:41,0
DA:43,0
DA:44,0
DA:49,0
DA:52,0
DA:53,0
DA:56,0
DA:62,0
DA:63,0
DA:71,1
LF:13
LH:3
BRDA:43,0,0,0
BRDA:43,0,1,0
BRDA:52,1,0,0
BRDA:52,1,1,0
BRDA:52,2,0,0
BRDA:52,2,1,0
BRDA:52,2,2,0
BRF:7
BRH:0
end_of_record
